Flow report for alu_puntofijo
Thu Nov 09 17:47:56 2023
Quartus II 64-Bit Version 13.0.1 Build 232 06/12/2013 Service Pack 1 SJ Web Edition


---------------------
; Table of Contents ;
---------------------
  1. Legal Notice
  2. Flow Summary
  3. Flow Settings
  4. Flow Non-Default Global Settings
  5. Flow Elapsed Time
  6. Flow OS Summary
  7. Flow Log
  8. Flow Messages
  9. Flow Suppressed Messages



----------------
; Legal Notice ;
----------------
Copyright (C) 1991-2013 Altera Corporation
Your use of Altera Corporation's design tools, logic functions 
and other software and tools, and its AMPP partner logic 
functions, and any output files from any of the foregoing 
(including device programming or simulation files), and any 
associated documentation or information are expressly subject 
to the terms and conditions of the Altera Program License 
Subscription Agreement, Altera MegaCore Function License 
Agreement, or other applicable license agreement, including, 
without limitation, that your use is for the sole purpose of 
programming logic devices manufactured by Altera and sold by 
Altera or its authorized distributors.  Please refer to the 
applicable agreement for further details.



+--------------------------------------------------------------------------------------+
; Flow Summary                                                                         ;
+------------------------------------+-------------------------------------------------+
; Flow Status                        ; Successful - Thu Nov 09 17:47:56 2023           ;
; Quartus II 64-Bit Version          ; 13.0.1 Build 232 06/12/2013 SP 1 SJ Web Edition ;
; Revision Name                      ; alu_puntofijo                                   ;
; Top-level Entity Name              ; alu_puntofijo                                   ;
; Family                             ; Cyclone IV E                                    ;
; Device                             ; EP4CE6E22C8                                     ;
; Timing Models                      ; Final                                           ;
; Total logic elements               ; 159 / 6,272 ( 3 % )                             ;
;     Total combinational functions  ; 158 / 6,272 ( 3 % )                             ;
;     Dedicated logic registers      ; 20 / 6,272 ( < 1 % )                            ;
; Total registers                    ; 20                                              ;
; Total pins                         ; 34 / 92 ( 37 % )                                ;
; Total virtual pins                 ; 0                                               ;
; Total memory bits                  ; 0 / 276,480 ( 0 % )                             ;
; Embedded Multiplier 9-bit elements ; 1 / 30 ( 3 % )                                  ;
; Total PLLs                         ; 0 / 2 ( 0 % )                                   ;
+------------------------------------+-------------------------------------------------+


+-----------------------------------------+
; Flow Settings                           ;
+-------------------+---------------------+
; Option            ; Setting             ;
+-------------------+---------------------+
; Start date & time ; 11/09/2023 17:47:21 ;
; Main task         ; Compilation         ;
; Revision Name     ; alu_puntofijo       ;
+-------------------+---------------------+


+-------------------------------------------------------------------------------------------------------------------------------+
; Flow Non-Default Global Settings                                                                                              ;
+--------------------------------------+---------------------------------------+---------------+-------------+------------------+
; Assignment Name                      ; Value                                 ; Default Value ; Entity Name ; Section Id       ;
+--------------------------------------+---------------------------------------+---------------+-------------+------------------+
; COMPILER_SIGNATURE_ID                ; 92966088535959.169957364115256        ; --            ; --          ; --               ;
; EDA_DESIGN_INSTANCE_NAME             ; NA                                    ; --            ; --          ; tb_alu_puntofijo ;
; EDA_NATIVELINK_SIMULATION_TEST_BENCH ; tb_alu_puntofijo                      ; --            ; --          ; eda_simulation   ;
; EDA_OUTPUT_DATA_FORMAT               ; Vhdl                                  ; --            ; --          ; eda_simulation   ;
; EDA_SIMULATION_TOOL                  ; ModelSim-Altera (VHDL)                ; <None>        ; --          ; --               ;
; EDA_TEST_BENCH_ENABLE_STATUS         ; TEST_BENCH_MODE                       ; --            ; --          ; eda_simulation   ;
; EDA_TEST_BENCH_FILE                  ; tb_alu_puntofijo.vhd                  ; --            ; --          ; tb_alu_puntofijo ;
; EDA_TEST_BENCH_MODULE_NAME           ; tb_alu_puntofijo                      ; --            ; --          ; tb_alu_puntofijo ;
; EDA_TEST_BENCH_NAME                  ; tb_alu_puntofijo                      ; --            ; --          ; eda_simulation   ;
; MAX_CORE_JUNCTION_TEMP               ; 85                                    ; --            ; --          ; --               ;
; MIN_CORE_JUNCTION_TEMP               ; 0                                     ; --            ; --          ; --               ;
; NOMINAL_CORE_SUPPLY_VOLTAGE          ; 1.2V                                  ; --            ; --          ; --               ;
; PARTITION_COLOR                      ; 16764057                              ; --            ; --          ; Top              ;
; PARTITION_FITTER_PRESERVATION_LEVEL  ; PLACEMENT_AND_ROUTING                 ; --            ; --          ; Top              ;
; PARTITION_NETLIST_TYPE               ; SOURCE                                ; --            ; --          ; Top              ;
; POWER_BOARD_THERMAL_MODEL            ; None (CONSERVATIVE)                   ; --            ; --          ; --               ;
; POWER_PRESET_COOLING_SOLUTION        ; 23 MM HEAT SINK WITH 200 LFPM AIRFLOW ; --            ; --          ; --               ;
; PROJECT_OUTPUT_DIRECTORY             ; output_files                          ; --            ; --          ; --               ;
+--------------------------------------+---------------------------------------+---------------+-------------+------------------+


+-------------------------------------------------------------------------------------------------------------------------------+
; Flow Elapsed Time                                                                                                             ;
+---------------------------+--------------+-------------------------+---------------------+------------------------------------+
; Module Name               ; Elapsed Time ; Average Processors Used ; Peak Virtual Memory ; Total CPU Time (on all processors) ;
+---------------------------+--------------+-------------------------+---------------------+------------------------------------+
; Analysis & Synthesis      ; 00:00:09     ; 1.0                     ; 4629 MB             ; 00:00:04                           ;
; Fitter                    ; 00:00:16     ; 1.0                     ; 4893 MB             ; 00:00:11                           ;
; Assembler                 ; 00:00:02     ; 1.0                     ; 4535 MB             ; 00:00:02                           ;
; TimeQuest Timing Analyzer ; 00:00:05     ; 1.0                     ; 4599 MB             ; 00:00:04                           ;
; EDA Netlist Writer        ; 00:00:01     ; 1.0                     ; 4502 MB             ; 00:00:01                           ;
; Total                     ; 00:00:33     ; --                      ; --                  ; 00:00:22                           ;
+---------------------------+--------------+-------------------------+---------------------+------------------------------------+


+----------------------------------------------------------------------------------------+
; Flow OS Summary                                                                        ;
+---------------------------+------------------+-----------+------------+----------------+
; Module Name               ; Machine Hostname ; OS Name   ; OS Version ; Processor type ;
+---------------------------+------------------+-----------+------------+----------------+
; Analysis & Synthesis      ; LAPTOP-9GC0Q75H  ; Windows 7 ; 6.2        ; x86_64         ;
; Fitter                    ; LAPTOP-9GC0Q75H  ; Windows 7 ; 6.2        ; x86_64         ;
; Assembler                 ; LAPTOP-9GC0Q75H  ; Windows 7 ; 6.2        ; x86_64         ;
; TimeQuest Timing Analyzer ; LAPTOP-9GC0Q75H  ; Windows 7 ; 6.2        ; x86_64         ;
; EDA Netlist Writer        ; LAPTOP-9GC0Q75H  ; Windows 7 ; 6.2        ; x86_64         ;
+---------------------------+------------------+-----------+------------+----------------+


------------
; Flow Log ;
------------
quartus_map --read_settings_files=on --write_settings_files=off alu_puntofijo -c alu_puntofijo
quartus_fit --read_settings_files=off --write_settings_files=off alu_puntofijo -c alu_puntofijo
quartus_asm --read_settings_files=off --write_settings_files=off alu_puntofijo -c alu_puntofijo
quartus_sta alu_puntofijo -c alu_puntofijo
quartus_eda --read_settings_files=off --write_settings_files=off alu_puntofijo -c alu_puntofijo



